0 info it worked if it ends with ok
1 verbose cli [ 'node', '/usr/bin/npm', 'start' ]
2 info using npm@2.0.0
3 info using node@v0.10.32
4 verbose run-script [ 'prestart', 'start', 'poststart' ]
5 info prestart serve_experiment_pages@0.0.1
6 info start serve_experiment_pages@0.0.1
7 verbose unsafe-perm in lifecycle true
8 info serve_experiment_pages@0.0.1 Failed to exec start script
9 verbose stack Error: serve_experiment_pages@0.0.1 start: `node app.js`
9 verbose stack Exit status 8
9 verbose stack     at ChildProcess.<anonymous> (/usr/lib/node_modules/npm/lib/utils/lifecycle.js:212:16)
9 verbose stack     at ChildProcess.emit (events.js:98:17)
9 verbose stack     at maybeClose (child_process.js:756:16)
9 verbose stack     at Process.ChildProcess._handle.onexit (child_process.js:823:5)
10 verbose pkgid serve_experiment_pages@0.0.1
11 verbose cwd /home/tuuli/node_ejs_mysql/serve_experiment_pages
12 error Linux 3.13.0-35-generic
13 error argv "node" "/usr/bin/npm" "start"
14 error node v0.10.32
15 error npm  v2.0.0
16 error code ELIFECYCLE
17 error serve_experiment_pages@0.0.1 start: `node app.js`
17 error Exit status 8
18 error Failed at the serve_experiment_pages@0.0.1 start script.
18 error This is most likely a problem with the serve_experiment_pages package,
18 error not with npm itself.
18 error Tell the author that this fails on your system:
18 error     node app.js
18 error You can get their info via:
18 error     npm owner ls serve_experiment_pages
18 error There is likely additional logging output above.
19 verbose exit [ 1, true ]
